0 info it worked if it ends with ok
1 verbose cli [ '/usr/local/bin/node', '/usr/local/bin/npm', 'run', 'watch' ]
2 info using npm@4.1.2
3 info using node@v7.6.0
4 verbose run-script [ 'prewatch', 'watch', 'postwatch' ]
5 info lifecycle es6@1.0.0~prewatch: es6@1.0.0
6 silly lifecycle es6@1.0.0~prewatch: no script for prewatch, continuing
7 info lifecycle es6@1.0.0~watch: es6@1.0.0
8 verbose lifecycle es6@1.0.0~watch: unsafe-perm in lifecycle true
9 verbose lifecycle es6@1.0.0~watch: PATH: /usr/local/lib/node_modules/npm/bin/node-gyp-bin:/Users/alex/src/es6/node_modules/.bin:/Users/alex/dev/gae/google-cloud-sdk/bin:/Library/Frameworks/Python.framework/Versions/2.7/bin:/Users/alex/dev/gae/google_appengine/:/opt/local/bin:/opt/local/sbin:/Library/Frameworks/Python.framework/Versions/2.7/bin:/opt/local/bin:/opt/local/sbin:/Library/Java/JavaVirtualMachines/jdk1.8.0_92.jdk/Contents/Home/bin:/usr/local/var/rbenv/shims:/bin:/sbin:/usr/bin:/usr/local/sbin:/usr/local/bin:/Users/alex/bin:/usr/local/bin:/usr/bin:/bin:/usr/sbin:/sbin:/Applications/Server.app/Contents/ServerRoot/usr/bin:/Applications/Server.app/Contents/ServerRoot/usr/sbin:/Users/alex/.sdkman/candidates/gradle/current/bin:/Users/alex/dev/gae/google-cloud-sdk/bin:/Library/Frameworks/Python.framework/Versions/2.7/bin:/Users/alex/dev/gae/google_appengine/:/opt/local/bin:/opt/local/sbin:/Library/Java/JavaVirtualMachines/jdk1.8.0_92.jdk/Contents/Home/bin:/usr/local/var/rbenv/shims:/usr/local/sbin:/Users/alex/bin:/Users/alex/Library/Android/sdk/tools:/Users/alex/Library/Android/sdk/platform-tools:/Users/alex/Library/Android/sdk/tools/proguard/bin:/Users/alex/Library/Android/sdk/tools:/Users/alex/Library/Android/sdk/platform-tools:/Users/alex/Library/Android/sdk/tools/proguard/bin
10 verbose lifecycle es6@1.0.0~watch: CWD: /Users/alex/src/es6
11 silly lifecycle es6@1.0.0~watch: Args: [ '-c',
11 silly lifecycle   'babel src -d dist --presets es2015 -w --plugins transform-object-rest-spread syntax-object-rest-spread' ]
12 silly lifecycle es6@1.0.0~watch: Returned: code: 2  signal: null
13 info lifecycle es6@1.0.0~watch: Failed to exec watch script
14 verbose stack Error: es6@1.0.0 watch: `babel src -d dist --presets es2015 -w --plugins transform-object-rest-spread syntax-object-rest-spread`
14 verbose stack Exit status 2
14 verbose stack     at EventEmitter.<anonymous> (/usr/local/lib/node_modules/npm/lib/utils/lifecycle.js:279:16)
14 verbose stack     at emitTwo (events.js:106:13)
14 verbose stack     at EventEmitter.emit (events.js:192:7)
14 verbose stack     at ChildProcess.<anonymous> (/usr/local/lib/node_modules/npm/lib/utils/spawn.js:40:14)
14 verbose stack     at emitTwo (events.js:106:13)
14 verbose stack     at ChildProcess.emit (events.js:192:7)
14 verbose stack     at maybeClose (internal/child_process.js:890:16)
14 verbose stack     at Process.ChildProcess._handle.onexit (internal/child_process.js:226:5)
15 verbose pkgid es6@1.0.0
16 verbose cwd /Users/alex/src/es6
17 error Darwin 16.4.0
18 error argv "/usr/local/bin/node" "/usr/local/bin/npm" "run" "watch"
19 error node v7.6.0
20 error npm  v4.1.2
21 error code ELIFECYCLE
22 error es6@1.0.0 watch: `babel src -d dist --presets es2015 -w --plugins transform-object-rest-spread syntax-object-rest-spread`
22 error Exit status 2
23 error Failed at the es6@1.0.0 watch script 'babel src -d dist --presets es2015 -w --plugins transform-object-rest-spread syntax-object-rest-spread'.
23 error Make sure you have the latest version of node.js and npm installed.
23 error If you do, this is most likely a problem with the es6 package,
23 error not with npm itself.
23 error Tell the author that this fails on your system:
23 error     babel src -d dist --presets es2015 -w --plugins transform-object-rest-spread syntax-object-rest-spread
23 error You can get information on how to open an issue for this project with:
23 error     npm bugs es6
23 error Or if that isn't available, you can get their info via:
23 error     npm owner ls es6
23 error There is likely additional logging output above.
24 verbose exit [ 1, true ]
